Build started 26/01/2015 10:22:34.
     1>Project "C:\Graphics\OpenGL\Amaze\Amaze\Amaze\Amaze.vcxproj" on node 2 (Build target(s)).
     1>ClCompile:
         C:\Program Files (x86)\Microsoft Visual Studio 12.0\VC\bin\CL.exe /c /I"C:\Graphics\OpenGL\SFML-2.2\include" /ZI /nologo /W3 /WX- /sdl /Od /Oy- /D WIN32 /D _DEBUG /D _CONSOLE /D _LIB /D _UNICODE /D UNICODE /Gm /EHsc /RTC1 /MDd /GS /fp:precise /Zc:wchar_t /Zc:forScope /Fo"Debug\\" /Fd"Debug\vc120.pdb" /Gd /TP /analyze- /errorReport:prompt GridBlock.cpp
         GridBlock.cpp
     1>c:\graphics\opengl\amaze\amaze\amaze\gridblock.cpp(12): warning C4244: '=' : conversion from 'int' to 'float', possible loss of data
     1>c:\graphics\opengl\amaze\amaze\amaze\gridblock.cpp(13): warning C4244: '=' : conversion from 'int' to 'float', possible loss of data
     1>c:\graphics\opengl\amaze\amaze\amaze\gridblock.cpp(16): warning C4244: 'argument' : conversion from 'const int' to 'float', possible loss of data
     1>c:\graphics\opengl\amaze\amaze\amaze\gridblock.cpp(18): warning C4244: 'argument' : conversion from 'int' to 'float', possible loss of data
     1>cl : Command line warning D9028: minimal rebuild failure, reverting to normal build
       Link:
         C:\Program Files (x86)\Microsoft Visual Studio 12.0\VC\bin\link.exe /ERRORREPORT:PROMPT /OUT:"C:\Graphics\OpenGL\Amaze\Amaze\Debug\Amaze.exe" /INCREMENTAL /NOLOGO /LIBPATH:"C:\Graphics\OpenGL\SFML-2.2\lib" "sfml-graphics.lib" "sfml-window.lib" "sfml-system.lib" kernel32.lib user32.lib gdi32.lib winspool.lib comdlg32.lib advapi32.lib shell32.lib ole32.lib oleaut32.lib uuid.lib odbc32.lib odbccp32.lib /MANIFEST /MANIFESTUAC:"level='asInvoker' uiAccess='false'" /manifest:embed /DEBUG /PDB:"C:\Graphics\OpenGL\Amaze\Amaze\Debug\Amaze.pdb" /SUBSYSTEM:CONSOLE /TLBID:1 /DYNAMICBASE /NXCOMPAT /IMPLIB:"C:\Graphics\OpenGL\Amaze\Amaze\Debug\Amaze.lib" /MACHINE:X86 Debug\AIController.obj
         Debug\AIPawn.obj
         Debug\Controller.obj
         Debug\Game.obj
         Debug\GameOverState.obj
         Debug\GameState.obj
         Debug\GridBlock.obj
         Debug\HeroController.obj
         Debug\HeroPawn.obj
         Debug\LevelTransistionState.obj
         Debug\Main.obj
         Debug\MenuState.obj
         Debug\Pawn.obj
         Debug\PhysicsSystem.obj
         Debug\PlayingState.obj
         Amaze.vcxproj -> C:\Graphics\OpenGL\Amaze\Amaze\Debug\Amaze.exe
     1>Done Building Project "C:\Graphics\OpenGL\Amaze\Amaze\Amaze\Amaze.vcxproj" (Build target(s)).

Build succeeded.

Time Elapsed 00:00:02.17
